<?xml version="1.0" encoding="UTF-8"?>
<testsuite xmlns:xsi="http://www.w3.org/2001/XMLSchema-instance" xsi:noNamespaceSchemaLocation="https://maven.apache.org/surefire/maven-surefire-plugin/xsd/surefire-test-report.xsd" name="risingdeathx2.spigot.classkit.AppTest" time="0.046" tests="1" errors="0" skipped="0" failures="0">
  <properties>
    <property name="java.specification.version" value="23"/>
    <property name="sun.cpu.isalist" value="amd64"/>
    <property name="sun.jnu.encoding" value="Cp1252"/>
    <property name="java.class.path" value="C:\Users\risin\OneDrive\Documents\GitHub\wolf-core\main\target\test-classes;C:\Users\risin\OneDrive\Documents\GitHub\wolf-core\main\target\classes;C:\Users\risin\OneDrive\Documents\GitHub\wolf-core\common\target\common-1.0.jar;C:\Users\risin\.m2\repository\org\spigotmc\spigot-api\1.21-R0.1-SNAPSHOT\spigot-api-1.21-R0.1-SNAPSHOT.jar;C:\Users\risin\.m2\repository\com\google\guava\guava\32.1.2-jre\guava-32.1.2-jre.jar;C:\Users\risin\.m2\repository\com\google\guava\failureaccess\1.0.1\failureaccess-1.0.1.jar;C:\Users\risin\.m2\repository\com\google\guava\listenablefuture\9999.0-empty-to-avoid-conflict-with-guava\listenablefuture-9999.0-empty-to-avoid-conflict-with-guava.jar;C:\Users\risin\.m2\repository\com\google\code\findbugs\jsr305\3.0.2\jsr305-3.0.2.jar;C:\Users\risin\.m2\repository\org\checkerframework\checker-qual\3.33.0\checker-qual-3.33.0.jar;C:\Users\risin\.m2\repository\com\google\errorprone\error_prone_annotations\2.18.0\error_prone_annotations-2.18.0.jar;C:\Users\risin\.m2\repository\com\google\j2objc\j2objc-annotations\2.8\j2objc-annotations-2.8.jar;C:\Users\risin\.m2\repository\com\google\code\gson\gson\2.10.1\gson-2.10.1.jar;C:\Users\risin\.m2\repository\org\joml\joml\1.10.5\joml-1.10.5.jar;C:\Users\risin\.m2\repository\net\md-5\bungeecord-chat\1.20-R0.2\bungeecord-chat-1.20-R0.2.jar;C:\Users\risin\.m2\repository\org\yaml\snakeyaml\2.2\snakeyaml-2.2.jar;C:\Users\risin\.m2\repository\net\luckperms\api\5.4\api-5.4.jar;C:\Users\risin\.m2\repository\com\mysql\mysql-connector-j\8.4.0\mysql-connector-j-8.4.0.jar;C:\Users\risin\.m2\repository\com\google\protobuf\protobuf-java\3.25.1\protobuf-java-3.25.1.jar;C:\Users\risin\.m2\repository\dev\dejvokep\boosted-yaml\1.3.5\boosted-yaml-1.3.5.jar;C:\Users\risin\.m2\repository\net\kyori\adventure-api\4.11.0\adventure-api-4.11.0.jar;C:\Users\risin\.m2\repository\net\kyori\adventure-key\4.11.0\adventure-key-4.11.0.jar;C:\Users\risin\.m2\repository\net\kyori\examination-api\1.3.0\examination-api-1.3.0.jar;C:\Users\risin\.m2\repository\net\kyori\examination-string\1.3.0\examination-string-1.3.0.jar;C:\Users\risin\.m2\repository\org\jetbrains\annotations\23.0.0\annotations-23.0.0.jar;C:\Users\risin\.m2\repository\net\kyori\adventure-platform-bukkit\4.3.3\adventure-platform-bukkit-4.3.3.jar;C:\Users\risin\.m2\repository\net\kyori\adventure-platform-api\4.3.3\adventure-platform-api-4.3.3.jar;C:\Users\risin\.m2\repository\net\kyori\adventure-text-serializer-bungeecord\4.3.3\adventure-text-serializer-bungeecord-4.3.3.jar;C:\Users\risin\.m2\repository\net\kyori\adventure-text-serializer-legacy\4.13.1\adventure-text-serializer-legacy-4.13.1.jar;C:\Users\risin\.m2\repository\net\kyori\adventure-nbt\4.13.1\adventure-nbt-4.13.1.jar;C:\Users\risin\.m2\repository\net\kyori\adventure-text-serializer-gson\4.13.1\adventure-text-serializer-gson-4.13.1.jar;C:\Users\risin\.m2\repository\net\kyori\adventure-text-serializer-gson-legacy-impl\4.13.1\adventure-text-serializer-gson-legacy-impl-4.13.1.jar;C:\Users\risin\.m2\repository\net\kyori\adventure-platform-facet\4.3.3\adventure-platform-facet-4.3.3.jar;C:\Users\risin\.m2\repository\net\kyori\adventure-platform-viaversion\4.3.3\adventure-platform-viaversion-4.3.3.jar;C:\Users\risin\.m2\repository\net\kyori\adventure-text-minimessage\4.17.0\adventure-text-minimessage-4.17.0.jar;C:\Users\risin\.m2\repository\junit\junit\4.13.2\junit-4.13.2.jar;C:\Users\risin\.m2\repository\org\hamcrest\hamcrest-core\1.3\hamcrest-core-1.3.jar;C:\Users\risin\.m2\repository\redis\clients\jedis\5.2.0\jedis-5.2.0.jar;C:\Users\risin\.m2\repository\org\slf4j\slf4j-api\1.7.36\slf4j-api-1.7.36.jar;C:\Users\risin\.m2\repository\org\apache\commons\commons-pool2\2.12.0\commons-pool2-2.12.0.jar;C:\Users\risin\.m2\repository\org\json\json\20240303\json-20240303.jar;"/>
    <property name="java.vm.vendor" value="Oracle Corporation"/>
    <property name="sun.arch.data.model" value="64"/>
    <property name="user.variant" value=""/>
    <property name="java.vendor.url" value="https://java.oracle.com/"/>
    <property name="user.timezone" value="America/Chicago"/>
    <property name="os.name" value="Windows 11"/>
    <property name="java.vm.specification.version" value="23"/>
    <property name="sun.java.launcher" value="SUN_STANDARD"/>
    <property name="user.country" value="US"/>
    <property name="sun.boot.library.path" value="C:\Users\risin\OneDrive\Documents\GitHub\OpenJDK-23\bin"/>
    <property name="sun.java.command" value="C:\Users\risin\AppData\Local\Temp\surefire13563718041654459561\surefirebooter5542293108468227399.jar C:\Users\risin\AppData\Local\Temp\surefire13563718041654459561 2025-01-27T14-21-44_746-jvmRun1 surefire6470858382472174940tmp surefire_015514624727543427565tmp"/>
    <property name="jdk.debug" value="release"/>
    <property name="surefire.test.class.path" value="C:\Users\risin\OneDrive\Documents\GitHub\wolf-core\main\target\test-classes;C:\Users\risin\OneDrive\Documents\GitHub\wolf-core\main\target\classes;C:\Users\risin\OneDrive\Documents\GitHub\wolf-core\common\target\common-1.0.jar;C:\Users\risin\.m2\repository\org\spigotmc\spigot-api\1.21-R0.1-SNAPSHOT\spigot-api-1.21-R0.1-SNAPSHOT.jar;C:\Users\risin\.m2\repository\com\google\guava\guava\32.1.2-jre\guava-32.1.2-jre.jar;C:\Users\risin\.m2\repository\com\google\guava\failureaccess\1.0.1\failureaccess-1.0.1.jar;C:\Users\risin\.m2\repository\com\google\guava\listenablefuture\9999.0-empty-to-avoid-conflict-with-guava\listenablefuture-9999.0-empty-to-avoid-conflict-with-guava.jar;C:\Users\risin\.m2\repository\com\google\code\findbugs\jsr305\3.0.2\jsr305-3.0.2.jar;C:\Users\risin\.m2\repository\org\checkerframework\checker-qual\3.33.0\checker-qual-3.33.0.jar;C:\Users\risin\.m2\repository\com\google\errorprone\error_prone_annotations\2.18.0\error_prone_annotations-2.18.0.jar;C:\Users\risin\.m2\repository\com\google\j2objc\j2objc-annotations\2.8\j2objc-annotations-2.8.jar;C:\Users\risin\.m2\repository\com\google\code\gson\gson\2.10.1\gson-2.10.1.jar;C:\Users\risin\.m2\repository\org\joml\joml\1.10.5\joml-1.10.5.jar;C:\Users\risin\.m2\repository\net\md-5\bungeecord-chat\1.20-R0.2\bungeecord-chat-1.20-R0.2.jar;C:\Users\risin\.m2\repository\org\yaml\snakeyaml\2.2\snakeyaml-2.2.jar;C:\Users\risin\.m2\repository\net\luckperms\api\5.4\api-5.4.jar;C:\Users\risin\.m2\repository\com\mysql\mysql-connector-j\8.4.0\mysql-connector-j-8.4.0.jar;C:\Users\risin\.m2\repository\com\google\protobuf\protobuf-java\3.25.1\protobuf-java-3.25.1.jar;C:\Users\risin\.m2\repository\dev\dejvokep\boosted-yaml\1.3.5\boosted-yaml-1.3.5.jar;C:\Users\risin\.m2\repository\net\kyori\adventure-api\4.11.0\adventure-api-4.11.0.jar;C:\Users\risin\.m2\repository\net\kyori\adventure-key\4.11.0\adventure-key-4.11.0.jar;C:\Users\risin\.m2\repository\net\kyori\examination-api\1.3.0\examination-api-1.3.0.jar;C:\Users\risin\.m2\repository\net\kyori\examination-string\1.3.0\examination-string-1.3.0.jar;C:\Users\risin\.m2\repository\org\jetbrains\annotations\23.0.0\annotations-23.0.0.jar;C:\Users\risin\.m2\repository\net\kyori\adventure-platform-bukkit\4.3.3\adventure-platform-bukkit-4.3.3.jar;C:\Users\risin\.m2\repository\net\kyori\adventure-platform-api\4.3.3\adventure-platform-api-4.3.3.jar;C:\Users\risin\.m2\repository\net\kyori\adventure-text-serializer-bungeecord\4.3.3\adventure-text-serializer-bungeecord-4.3.3.jar;C:\Users\risin\.m2\repository\net\kyori\adventure-text-serializer-legacy\4.13.1\adventure-text-serializer-legacy-4.13.1.jar;C:\Users\risin\.m2\repository\net\kyori\adventure-nbt\4.13.1\adventure-nbt-4.13.1.jar;C:\Users\risin\.m2\repository\net\kyori\adventure-text-serializer-gson\4.13.1\adventure-text-serializer-gson-4.13.1.jar;C:\Users\risin\.m2\repository\net\kyori\adventure-text-serializer-gson-legacy-impl\4.13.1\adventure-text-serializer-gson-legacy-impl-4.13.1.jar;C:\Users\risin\.m2\repository\net\kyori\adventure-platform-facet\4.3.3\adventure-platform-facet-4.3.3.jar;C:\Users\risin\.m2\repository\net\kyori\adventure-platform-viaversion\4.3.3\adventure-platform-viaversion-4.3.3.jar;C:\Users\risin\.m2\repository\net\kyori\adventure-text-minimessage\4.17.0\adventure-text-minimessage-4.17.0.jar;C:\Users\risin\.m2\repository\junit\junit\4.13.2\junit-4.13.2.jar;C:\Users\risin\.m2\repository\org\hamcrest\hamcrest-core\1.3\hamcrest-core-1.3.jar;C:\Users\risin\.m2\repository\redis\clients\jedis\5.2.0\jedis-5.2.0.jar;C:\Users\risin\.m2\repository\org\slf4j\slf4j-api\1.7.36\slf4j-api-1.7.36.jar;C:\Users\risin\.m2\repository\org\apache\commons\commons-pool2\2.12.0\commons-pool2-2.12.0.jar;C:\Users\risin\.m2\repository\org\json\json\20240303\json-20240303.jar;"/>
    <property name="sun.cpu.endian" value="little"/>
    <property name="user.home" value="C:\Users\risin"/>
    <property name="user.language" value="en"/>
    <property name="java.specification.vendor" value="Oracle Corporation"/>
    <property name="java.version.date" value="2024-09-17"/>
    <property name="java.home" value="C:\Users\risin\OneDrive\Documents\GitHub\OpenJDK-23"/>
    <property name="file.separator" value="\"/>
    <property name="basedir" value="C:\Users\risin\OneDrive\Documents\GitHub\wolf-core\main"/>
    <property name="java.vm.compressedOopsMode" value="Zero based"/>
    <property name="line.separator" value="&#10;"/>
    <property name="java.vm.specification.vendor" value="Oracle Corporation"/>
    <property name="java.specification.name" value="Java Platform API Specification"/>
    <property name="surefire.real.class.path" value="C:\Users\risin\AppData\Local\Temp\surefire13563718041654459561\surefirebooter5542293108468227399.jar"/>
    <property name="user.script" value=""/>
    <property name="sun.management.compiler" value="HotSpot 64-Bit Tiered Compilers"/>
    <property name="java.runtime.version" value="23+37-2369"/>
    <property name="user.name" value="risin"/>
    <property name="stdout.encoding" value="Cp1252"/>
    <property name="path.separator" value=";"/>
    <property name="os.version" value="10.0"/>
    <property name="java.runtime.name" value="OpenJDK Runtime Environment"/>
    <property name="file.encoding" value="UTF-8"/>
    <property name="java.vm.name" value="OpenJDK 64-Bit Server VM"/>
    <property name="localRepository" value="C:\Users\risin\.m2\repository"/>
    <property name="java.vendor.url.bug" value="https://bugreport.java.com/bugreport/"/>
    <property name="java.io.tmpdir" value="C:\Users\risin\AppData\Local\Temp\"/>
    <property name="java.version" value="23"/>
    <property name="user.dir" value="C:\Users\risin\OneDrive\Documents\GitHub\wolf-core\main"/>
    <property name="os.arch" value="amd64"/>
    <property name="java.vm.specification.name" value="Java Virtual Machine Specification"/>
    <property name="sun.os.patch.level" value=""/>
    <property name="native.encoding" value="Cp1252"/>
    <property name="java.library.path" value="C:\Users\risin\OneDrive\Documents\GitHub\OpenJDK-23\bin;C:\WINDOWS\Sun\Java\bin;C:\WINDOWS\system32;C:\WINDOWS;C:\Program Files (x86)\Razer Chroma SDK\bin;C:\Program Files\Razer Chroma SDK\bin;C:\Program Files (x86)\Razer\ChromaBroadcast\bin;C:\Program Files\Razer\ChromaBroadcast\bin;C:\Program Files\Oculus\Support\oculus-runtime;C:\WINDOWS\system32;C:\WINDOWS;C:\WINDOWS\System32\Wbem;C:\WINDOWS\System32\WindowsPowerShell\v1.0\;C:\WINDOWS\System32\OpenSSH\;C:\Program Files\dotnet\;C:\Program Files\Git\cmd;C:\Users\risin\OneDrive\Documents\GitHub\OpenJDK-23\bin;C:\Program Files\ApacheMaven\bin;C:\WINDOWS\system32\config\systemprofile\AppData\Local\Microsoft\WindowsApps;C:\Users\risin\AppData\Local\Microsoft\WindowsApps;C:\Users\risin\AppData\Local\Programs\Microsoft VS Code\bin;C:\Users\risin\.dotnet\tools;C:\Users\risin\AppData\Local\GitHubDesktop\bin;;c:\Users\risin\AppData\Roaming\Code\User\globalStorage\github.copilot-chat\debugCommand;."/>
    <property name="java.vm.info" value="mixed mode, sharing"/>
    <property name="stderr.encoding" value="Cp1252"/>
    <property name="java.vendor" value="Oracle Corporation"/>
    <property name="java.vm.version" value="23+37-2369"/>
    <property name="sun.io.unicode.encoding" value="UnicodeLittle"/>
    <property name="java.class.version" value="67.0"/>
  </properties>
  <testcase name="shouldAnswerWithTrue" classname="risingdeathx2.spigot.classkit.AppTest" time="0.003"/>
</testsuite>