<?xml version="1.0" encoding="UTF-8"?>
<testsuite xmlns:xsi="http://www.w3.org/2001/XMLSchema-instance" xsi:noNamespaceSchemaLocation="https://maven.apache.org/surefire/maven-surefire-plugin/xsd/surefire-test-report.xsd" name="risingdeathx2.spigot.classkit.AppTest" time="0.13" tests="1" errors="0" skipped="0" failures="0">
  <properties>
    <property name="java.specification.version" value="21"/>
    <property name="sun.cpu.isalist" value="amd64"/>
    <property name="sun.jnu.encoding" value="Cp1252"/>
    <property name="java.class.path" value="C:\Users\Adam\OneDrive\Documents\workspace\wolf-core-structured\skyblock\target\test-classes;C:\Users\Adam\OneDrive\Documents\workspace\wolf-core-structured\skyblock\target\classes;C:\Users\Adam\OneDrive\Documents\workspace\wolf-core-structured\common\target\common-1.0.jar;C:\Users\Adam\.m2\repository\net\luckperms\api\5.4\api-5.4.jar;C:\Users\Adam\.m2\repository\com\mysql\mysql-connector-j\8.4.0\mysql-connector-j-8.4.0.jar;C:\Users\Adam\.m2\repository\com\google\protobuf\protobuf-java\3.25.1\protobuf-java-3.25.1.jar;C:\Users\Adam\.m2\repository\dev\dejvokep\boosted-yaml\1.3.5\boosted-yaml-1.3.5.jar;C:\Users\Adam\.m2\repository\org\spigotmc\spigot-api\1.21-R0.1-SNAPSHOT\spigot-api-1.21-R0.1-SNAPSHOT.jar;C:\Users\Adam\.m2\repository\com\google\guava\guava\32.1.2-jre\guava-32.1.2-jre.jar;C:\Users\Adam\.m2\repository\com\google\guava\failureaccess\1.0.1\failureaccess-1.0.1.jar;C:\Users\Adam\.m2\repository\com\google\guava\listenablefuture\9999.0-empty-to-avoid-conflict-with-guava\listenablefuture-9999.0-empty-to-avoid-conflict-with-guava.jar;C:\Users\Adam\.m2\repository\com\google\code\findbugs\jsr305\3.0.2\jsr305-3.0.2.jar;C:\Users\Adam\.m2\repository\org\checkerframework\checker-qual\3.33.0\checker-qual-3.33.0.jar;C:\Users\Adam\.m2\repository\com\google\errorprone\error_prone_annotations\2.18.0\error_prone_annotations-2.18.0.jar;C:\Users\Adam\.m2\repository\com\google\j2objc\j2objc-annotations\2.8\j2objc-annotations-2.8.jar;C:\Users\Adam\.m2\repository\com\google\code\gson\gson\2.10.1\gson-2.10.1.jar;C:\Users\Adam\.m2\repository\org\joml\joml\1.10.5\joml-1.10.5.jar;C:\Users\Adam\.m2\repository\net\md-5\bungeecord-chat\1.20-R0.2\bungeecord-chat-1.20-R0.2.jar;C:\Users\Adam\.m2\repository\org\yaml\snakeyaml\2.2\snakeyaml-2.2.jar;C:\Users\Adam\.m2\repository\net\kyori\adventure-api\4.11.0\adventure-api-4.11.0.jar;C:\Users\Adam\.m2\repository\net\kyori\adventure-key\4.11.0\adventure-key-4.11.0.jar;C:\Users\Adam\.m2\repository\net\kyori\examination-api\1.3.0\examination-api-1.3.0.jar;C:\Users\Adam\.m2\repository\net\kyori\examination-string\1.3.0\examination-string-1.3.0.jar;C:\Users\Adam\.m2\repository\org\jetbrains\annotations\23.0.0\annotations-23.0.0.jar;C:\Users\Adam\.m2\repository\net\kyori\adventure-platform-bukkit\4.3.3\adventure-platform-bukkit-4.3.3.jar;C:\Users\Adam\.m2\repository\net\kyori\adventure-platform-api\4.3.3\adventure-platform-api-4.3.3.jar;C:\Users\Adam\.m2\repository\net\kyori\adventure-text-serializer-bungeecord\4.3.3\adventure-text-serializer-bungeecord-4.3.3.jar;C:\Users\Adam\.m2\repository\net\kyori\adventure-text-serializer-legacy\4.13.1\adventure-text-serializer-legacy-4.13.1.jar;C:\Users\Adam\.m2\repository\net\kyori\adventure-nbt\4.13.1\adventure-nbt-4.13.1.jar;C:\Users\Adam\.m2\repository\net\kyori\adventure-text-serializer-gson\4.13.1\adventure-text-serializer-gson-4.13.1.jar;C:\Users\Adam\.m2\repository\net\kyori\adventure-text-serializer-gson-legacy-impl\4.13.1\adventure-text-serializer-gson-legacy-impl-4.13.1.jar;C:\Users\Adam\.m2\repository\net\kyori\adventure-platform-facet\4.3.3\adventure-platform-facet-4.3.3.jar;C:\Users\Adam\.m2\repository\net\kyori\adventure-platform-viaversion\4.3.3\adventure-platform-viaversion-4.3.3.jar;C:\Users\Adam\.m2\repository\junit\junit\4.13.2\junit-4.13.2.jar;C:\Users\Adam\.m2\repository\org\hamcrest\hamcrest-core\1.3\hamcrest-core-1.3.jar;"/>
    <property name="java.vm.vendor" value="Oracle Corporation"/>
    <property name="sun.arch.data.model" value="64"/>
    <property name="user.variant" value=""/>
    <property name="java.vendor.url" value="https://java.oracle.com/"/>
    <property name="user.timezone" value="America/Chicago"/>
    <property name="os.name" value="Windows 11"/>
    <property name="java.vm.specification.version" value="21"/>
    <property name="sun.java.launcher" value="SUN_STANDARD"/>
    <property name="user.country" value="US"/>
    <property name="sun.boot.library.path" value="C:\Program Files\Java\jdk-21\bin"/>
    <property name="sun.java.command" value="C:\Users\Adam\AppData\Local\Temp\surefire13600523925549108238\surefirebooter7089833485296787135.jar C:\Users\Adam\AppData\Local\Temp\surefire13600523925549108238 2024-10-24T01-00-55_141-jvmRun1 surefire14648795259164754544tmp surefire_117348480593531545207tmp"/>
    <property name="jdk.debug" value="release"/>
    <property name="surefire.test.class.path" value="C:\Users\Adam\OneDrive\Documents\workspace\wolf-core-structured\skyblock\target\test-classes;C:\Users\Adam\OneDrive\Documents\workspace\wolf-core-structured\skyblock\target\classes;C:\Users\Adam\OneDrive\Documents\workspace\wolf-core-structured\common\target\common-1.0.jar;C:\Users\Adam\.m2\repository\net\luckperms\api\5.4\api-5.4.jar;C:\Users\Adam\.m2\repository\com\mysql\mysql-connector-j\8.4.0\mysql-connector-j-8.4.0.jar;C:\Users\Adam\.m2\repository\com\google\protobuf\protobuf-java\3.25.1\protobuf-java-3.25.1.jar;C:\Users\Adam\.m2\repository\dev\dejvokep\boosted-yaml\1.3.5\boosted-yaml-1.3.5.jar;C:\Users\Adam\.m2\repository\org\spigotmc\spigot-api\1.21-R0.1-SNAPSHOT\spigot-api-1.21-R0.1-SNAPSHOT.jar;C:\Users\Adam\.m2\repository\com\google\guava\guava\32.1.2-jre\guava-32.1.2-jre.jar;C:\Users\Adam\.m2\repository\com\google\guava\failureaccess\1.0.1\failureaccess-1.0.1.jar;C:\Users\Adam\.m2\repository\com\google\guava\listenablefuture\9999.0-empty-to-avoid-conflict-with-guava\listenablefuture-9999.0-empty-to-avoid-conflict-with-guava.jar;C:\Users\Adam\.m2\repository\com\google\code\findbugs\jsr305\3.0.2\jsr305-3.0.2.jar;C:\Users\Adam\.m2\repository\org\checkerframework\checker-qual\3.33.0\checker-qual-3.33.0.jar;C:\Users\Adam\.m2\repository\com\google\errorprone\error_prone_annotations\2.18.0\error_prone_annotations-2.18.0.jar;C:\Users\Adam\.m2\repository\com\google\j2objc\j2objc-annotations\2.8\j2objc-annotations-2.8.jar;C:\Users\Adam\.m2\repository\com\google\code\gson\gson\2.10.1\gson-2.10.1.jar;C:\Users\Adam\.m2\repository\org\joml\joml\1.10.5\joml-1.10.5.jar;C:\Users\Adam\.m2\repository\net\md-5\bungeecord-chat\1.20-R0.2\bungeecord-chat-1.20-R0.2.jar;C:\Users\Adam\.m2\repository\org\yaml\snakeyaml\2.2\snakeyaml-2.2.jar;C:\Users\Adam\.m2\repository\net\kyori\adventure-api\4.11.0\adventure-api-4.11.0.jar;C:\Users\Adam\.m2\repository\net\kyori\adventure-key\4.11.0\adventure-key-4.11.0.jar;C:\Users\Adam\.m2\repository\net\kyori\examination-api\1.3.0\examination-api-1.3.0.jar;C:\Users\Adam\.m2\repository\net\kyori\examination-string\1.3.0\examination-string-1.3.0.jar;C:\Users\Adam\.m2\repository\org\jetbrains\annotations\23.0.0\annotations-23.0.0.jar;C:\Users\Adam\.m2\repository\net\kyori\adventure-platform-bukkit\4.3.3\adventure-platform-bukkit-4.3.3.jar;C:\Users\Adam\.m2\repository\net\kyori\adventure-platform-api\4.3.3\adventure-platform-api-4.3.3.jar;C:\Users\Adam\.m2\repository\net\kyori\adventure-text-serializer-bungeecord\4.3.3\adventure-text-serializer-bungeecord-4.3.3.jar;C:\Users\Adam\.m2\repository\net\kyori\adventure-text-serializer-legacy\4.13.1\adventure-text-serializer-legacy-4.13.1.jar;C:\Users\Adam\.m2\repository\net\kyori\adventure-nbt\4.13.1\adventure-nbt-4.13.1.jar;C:\Users\Adam\.m2\repository\net\kyori\adventure-text-serializer-gson\4.13.1\adventure-text-serializer-gson-4.13.1.jar;C:\Users\Adam\.m2\repository\net\kyori\adventure-text-serializer-gson-legacy-impl\4.13.1\adventure-text-serializer-gson-legacy-impl-4.13.1.jar;C:\Users\Adam\.m2\repository\net\kyori\adventure-platform-facet\4.3.3\adventure-platform-facet-4.3.3.jar;C:\Users\Adam\.m2\repository\net\kyori\adventure-platform-viaversion\4.3.3\adventure-platform-viaversion-4.3.3.jar;C:\Users\Adam\.m2\repository\junit\junit\4.13.2\junit-4.13.2.jar;C:\Users\Adam\.m2\repository\org\hamcrest\hamcrest-core\1.3\hamcrest-core-1.3.jar;"/>
    <property name="sun.cpu.endian" value="little"/>
    <property name="user.home" value="C:\Users\Adam"/>
    <property name="user.language" value="en"/>
    <property name="java.specification.vendor" value="Oracle Corporation"/>
    <property name="java.version.date" value="2024-07-16"/>
    <property name="java.home" value="C:\Program Files\Java\jdk-21"/>
    <property name="file.separator" value="\"/>
    <property name="basedir" value="C:\Users\Adam\OneDrive\Documents\workspace\wolf-core-structured\skyblock"/>
    <property name="java.vm.compressedOopsMode" value="Zero based"/>
    <property name="line.separator" value="&#10;"/>
    <property name="java.vm.specification.vendor" value="Oracle Corporation"/>
    <property name="java.specification.name" value="Java Platform API Specification"/>
    <property name="surefire.real.class.path" value="C:\Users\Adam\AppData\Local\Temp\surefire13600523925549108238\surefirebooter7089833485296787135.jar"/>
    <property name="user.script" value=""/>
    <property name="sun.management.compiler" value="HotSpot 64-Bit Tiered Compilers"/>
    <property name="java.runtime.version" value="21.0.4+8-LTS-274"/>
    <property name="user.name" value="Adam"/>
    <property name="stdout.encoding" value="Cp1252"/>
    <property name="path.separator" value=";"/>
    <property name="os.version" value="10.0"/>
    <property name="java.runtime.name" value="Java(TM) SE Runtime Environment"/>
    <property name="file.encoding" value="UTF-8"/>
    <property name="java.vm.name" value="Java HotSpot(TM) 64-Bit Server VM"/>
    <property name="localRepository" value="C:\Users\Adam\.m2\repository"/>
    <property name="java.vendor.url.bug" value="https://bugreport.java.com/bugreport/"/>
    <property name="java.io.tmpdir" value="C:\Users\Adam\AppData\Local\Temp\"/>
    <property name="java.version" value="21.0.4"/>
    <property name="user.dir" value="C:\Users\Adam\OneDrive\Documents\workspace\wolf-core-structured\skyblock"/>
    <property name="os.arch" value="amd64"/>
    <property name="java.vm.specification.name" value="Java Virtual Machine Specification"/>
    <property name="sun.os.patch.level" value=""/>
    <property name="native.encoding" value="Cp1252"/>
    <property name="java.library.path" value="C:\Program Files\Java\jdk-21\bin;C:\WINDOWS\Sun\Java\bin;C:\WINDOWS\system32;C:\WINDOWS;C:\Program Files\Oculus\Support\oculus-runtime;C:\Program Files (x86)\Razer Chroma SDK\bin;C:\Program Files\Razer Chroma SDK\bin;C:\Program Files (x86)\Razer\ChromaBroadcast\bin;C:\Program Files\Razer\ChromaBroadcast\bin;C:\Program Files\Common Files\Oracle\Java\javapath;C:\Program Files (x86)\Common Files\Oracle\Java\javapath;C:\Python39\Scripts\;C:\Python39\;C:\Windows\system32;C:\Windows;C:\Windows\System32\Wbem;C:\Windows\System32\WindowsPowerShell\v1.0\;C:\Windows\System32\OpenSSH\;C:\Program Files (x86)\NVIDIA Corporation\PhysX\Common;C:\Program Files\NVIDIA Corporation\NVIDIA NvDLISR;C:\WINDOWS\system32;C:\WINDOWS;C:\WINDOWS\System32\Wbem;C:\WINDOWS\System32\WindowsPowerShell\v1.0\;C:\WINDOWS\System32\OpenSSH\;C:\Program Files\dotnet\;C:\ProgramData\chocolatey\bin;C:\sqlite3;C:\Program Files\Microsoft SQL Server\130\Tools\Binn\;C:\Program Files\Microsoft SQL Server\Client SDK\ODBC\170\Tools\Binn\;C:\Program Files\Git\cmd;C:\Program Files\nodejs\;C:\Users\Adam\.windows-build-tools\python27\;C:\Users\Adam\AppData\Local\Microsoft\WindowsApps;C:\Users\Adam\.dotnet\tools;C:\Users\Adam\AppData\Local\Programs\Microsoft VS Code\bin;C:\Users\Adam\AppData\Roaming\npm;C:\Users\Adam\AppData\Local\GitHubDesktop\bin;C:\Users\Adam\Downloads\apache-maven-3.8.6-bin\bin;C:\Program Files\JetBrains\IntelliJ IDEA Community Edition 2022.1.3\bin;C:\WINDOWS\system32\config\systemprofile\AppData\Local\Microsoft\WindowsApps;C:\WINDOWS\system32;C:\WINDOWS;C:\WINDOWS\System32\Wbem;C:\WINDOWS\System32\WindowsPowerShell\v1.0\;C:\WINDOWS\System32\OpenSSH\;C:\Program Files\Microsoft SQL Server\120\Tools\Binn\;C:\Program Files\Common Files\Autodesk Shared\;C:\Program Files\PuTTY\;C:\Program Files (x86)\Bitvise SSH Client;C:\Program Files\GitHub CLI\;C:\Program Files\Java\jdk-21\bin;C:\Users\Adam\.windows-build-tools\python27\;C:\Users\Adam\AppData\Local\Microsoft\WindowsApps;C:\Users\Adam\.dotnet\tools;C:\Users\Adam\AppData\Local\Programs\Microsoft VS Code\bin;C:\Users\Adam\AppData\Roaming\npm;C:\Users\Adam\AppData\Local\GitHubDesktop\bin;C:\Users\Adam\AppData\Local\Microsoft\WindowsApps;C:\Users\Adam\Downloads\apache-maven-3.8.6-bin\bin;C:\Program Files\JetBrains\IntelliJ IDEA Community Edition 2022.1.3\bin;;C:\Users\Adam\AppData\Local\Android\sdk\platform-tools;C:\Users\Adam\.dotnet\tools;."/>
    <property name="java.vm.info" value="mixed mode, sharing"/>
    <property name="stderr.encoding" value="Cp1252"/>
    <property name="java.vendor" value="Oracle Corporation"/>
    <property name="java.vm.version" value="21.0.4+8-LTS-274"/>
    <property name="sun.io.unicode.encoding" value="UnicodeLittle"/>
    <property name="java.class.version" value="65.0"/>
  </properties>
  <testcase name="shouldAnswerWithTrue" classname="risingdeathx2.spigot.classkit.AppTest" time="0.009"/>
</testsuite>